Release 14.7 - xst P.20131013 (nt64)
Copyright (c) 1995-2013 Xilinx, Inc.  All rights reserved.
--> Parameter TMPDIR set to xst/projnav.tmp


Total REAL time to Xst completion: 0.00 secs
Total CPU time to Xst completion: 0.09 secs
 
--> Parameter xsthdpdir set to xst


Total REAL time to Xst completion: 0.00 secs
Total CPU time to Xst completion: 0.09 secs
 
--> Reading design: BYOC_TB_for_students.prj

TABLE OF CONTENTS
  1) Synthesis Options Summary
  2) HDL Compilation
  3) Design Hierarchy Analysis
  4) HDL Analysis
  5) HDL Synthesis
     5.1) HDL Synthesis Report
  6) Advanced HDL Synthesis
     6.1) Advanced HDL Synthesis Report
  7) Low Level Synthesis
  8) Partition Report
  9) Final Report
	9.1) Device utilization summary
	9.2) Partition Resource Summary
	9.3) TIMING REPORT


=========================================================================
*                      Synthesis Options Summary                        *
=========================================================================
---- Source Parameters
Input File Name                    : "BYOC_TB_for_students.prj"
Input Format                       : mixed
Ignore Synthesis Constraint File   : NO

---- Target Parameters
Output File Name                   : "BYOC_TB_for_students"
Output Format                      : NGC
Target Device                      : xc3s500e-4-fg320

---- Source Options
Top Module Name                    : BYOC_TB_for_students
Automatic FSM Extraction           : YES
FSM Encoding Algorithm             : Auto
Safe Implementation                : No
FSM Style                          : LUT
RAM Extraction                     : Yes
RAM Style                          : Auto
ROM Extraction                     : Yes
Mux Style                          : Auto
Decoder Extraction                 : YES
Priority Encoder Extraction        : Yes
Shift Register Extraction          : YES
Logical Shifter Extraction         : YES
XOR Collapsing                     : YES
ROM Style                          : Auto
Mux Extraction                     : Yes
Resource Sharing                   : YES
Asynchronous To Synchronous        : NO
Multiplier Style                   : Auto
Automatic Register Balancing       : No

---- Target Options
Add IO Buffers                     : YES
Global Maximum Fanout              : 500
Add Generic Clock Buffer(BUFG)     : 24
Register Duplication               : YES
Slice Packing                      : YES
Optimize Instantiated Primitives   : NO
Use Clock Enable                   : Yes
Use Synchronous Set                : Yes
Use Synchronous Reset              : Yes
Pack IO Registers into IOBs        : Auto
Equivalent register Removal        : YES

---- General Options
Optimization Goal                  : Speed
Optimization Effort                : 1
Keep Hierarchy                     : No
Netlist Hierarchy                  : As_Optimized
RTL Output                         : Yes
Global Optimization                : AllClockNets
Read Cores                         : YES
Write Timing Constraints           : NO
Cross Clock Analysis               : NO
Hierarchy Separator                : /
Bus Delimiter                      : <>
Case Specifier                     : Maintain
Slice Utilization Ratio            : 100
BRAM Utilization Ratio             : 100
Verilog 2001                       : YES
Auto BRAM Packing                  : NO
Slice Utilization Ratio Delta      : 5

=========================================================================


=========================================================================
*                          HDL Compilation                              *
=========================================================================
Compiling vhdl file "C:/Users/Sherman/HW4_sim/dual_port_memory.vhd" in Library work.
Architecture dual_port_memory of Entity dual_port_memory_no_ck_read is up to date.
Compiling vhdl file "C:/Users/Sherman/HW4_sim/SIM_HW4_filenames.vhd" in Library work.
Compiling vhdl file "C:/Users/Sherman/HW4_sim/BYOC_Clock_driver_4sim.vhd" in Library work.
Architecture clock_divider of Entity clock_driver is up to date.
Compiling vhdl file "C:/Users/Sherman/HW4_sim/BYOC_Host_Intf_4sim.vhd" in Library work.
Architecture behavioral of Entity byoc_host_intf is up to date.
Compiling vhdl file "C:/Users/Sherman/HW4_sim/Fetch_Unit.vhd" in Library work.
Architecture behavioral of Entity fetch_unit is up to date.
Compiling vhdl file "C:/Users/Sherman/HW4_sim/GPR.vhd" in Library work.
ERROR:HDLParsers:864 - "C:/Users/Sherman/HW4_sim/GPR.vhd" Line 70. Actual, result of operator, associated with Formal Signal, Signal 'wr_en', is not a Signal. (LRM 2.1.1)
ERROR:HDLParsers:3298 - "C:/Users/Sherman/HW4_sim/GPR.vhd" line 75. Expression is not a static name.
--> 

Total memory usage is 321900 kilobytes

Number of errors   :    2 (   0 filtered)
Number of warnings :    0 (   0 filtered)
Number of infos    :    0 (   0 filtered)

